<?xml version="1.0" encoding="UTF-8"?>
<testng-results ignored="0" total="1" passed="1" failed="0" skipped="0">
  <reporter-output>
  </reporter-output>
  <suite started-at="2024-06-21T13:01:48 IST" name="Default suite" finished-at="2024-06-21T13:02:00 IST" duration-ms="12347">
    <groups>
    </groups>
    <test started-at="2024-06-21T13:01:48 IST" name="Default test" finished-at="2024-06-21T13:02:00 IST" duration-ms="12347">
      <class name="noopcoomerce.product_list">
        <test-method is-config="true" signature="beforeTest()[pri:0, instance:noopcoomerce.product_list@fba92d3]" started-at="2024-06-21T13:01:48 IST" name="beforeTest" finished-at="2024-06-21T13:01:52 IST" duration-ms="3935" status="PASS">
          <reporter-output>
          </reporter-output>
        </test-method> <!-- beforeTest -->
        <test-method signature="run()[pri:0, instance:noopcoomerce.product_list@fba92d3]" started-at="2024-06-21T13:01:52 IST" name="run" finished-at="2024-06-21T13:02:00 IST" duration-ms="8334" status="PASS">
          <reporter-output>
          </reporter-output>
        </test-method> <!-- run -->
        <test-method is-config="true" signature="afterTest()[pri:0, instance:noopcoomerce.product_list@fba92d3]" started-at="2024-06-21T13:02:00 IST" name="afterTest" finished-at="2024-06-21T13:02:00 IST" duration-ms="0" status="PASS">
          <reporter-output>
          </reporter-output>
        </test-method> <!-- afterTest -->
      </class> <!-- noopcoomerce.product_list -->
    </test> <!-- Default test -->
  </suite> <!-- Default suite -->
</testng-results>
